<?xml version="1.0" encoding="UTF-8"?>
<!-- Generated by org.testng.reporters.JUnitXMLReporter -->
<testsuite ignored="0" hostname="DESKTOP-KVOUA9J" failures="1" tests="1" name="Test" time="6.24" errors="0" timestamp="2023-01-09T23:44:38 IST">
  <testcase classname="Design.errorValidations" name="errors" time="5.608">
    <failure type="org.junit.ComparisonFailure" message="expected:&amp;lt;[op]&amp;gt; but was:&amp;lt;[po]&amp;gt;">
      <![CDATA[org.junit.ComparisonFailure: expected:<[op]> but was:<[po]>
at org.junit.Assert.assertEquals(Assert.java:115)
at org.junit.Assert.assertEquals(Assert.java:144)
at Design.errorValidations.errors(errorValidations.java:27)
at java.base/java.util.ArrayList.forEach(ArrayList.java:1511)
... Removed 25 stack frames]]>
    </failure>
  </testcase> <!-- errors -->
</testsuite> <!-- Test -->
